============================================================
   Tang Dynasty, V5.0.30786
   Copyright:   Shanghai Anlogic Infotech Co., Ltd.
                2011 - 2021
   Executable = C:/Anlogic/TD5.0.30786/bin/td.exe
   Run by =     if you
   Run Date =   Sun Feb  6 15:06:37 2022

   Run on =     DESKTOP-KVJMB1K
============================================================
RUN-1002 : start command "import_device eagle_s20.db -package BG256"
ARC-1001 : Device Initialization.
ARC-1001 : ------------------------------------------------------------------
ARC-1001 :            OPTION            |          IO          |   SETTING   
ARC-1001 : ------------------------------------------------------------------
ARC-1001 :   cso_b/cclk/mosi/miso/dout  |  T3/R11/T10/P10/S11  |    gpio    
ARC-1001 :             done             |         P13          |    gpio    
ARC-1001 :           program_b          |          T2          |  dedicate  
ARC-1001 :        tdi/tms/tck/tdo       |   C12/A15/C14/E14    |  dedicate  
ARC-1001 : ------------------------------------------------------------------
ARC-1004 : Device setting, marked 5 dedicate IOs in total.
RUN-1002 : start command "import_db EG4S_pr.db"
RUN-1001 : Importing database generated by Tang Dynasty, V5.0.30786.
RUN-1001 : Database version number 46126.
RUN-1001 : Import IO constraints
RUN-1001 : Import Inst constraints
RUN-6014 WARNING: Importing design, skipped an obsolete step parameter place:timing_factor.
RUN-6014 WARNING: Importing design, skipped an obsolete step parameter route:least_critical_net_perc.
RUN-6014 WARNING: Importing design, skipped an obsolete step parameter route:most_critical_net_perc.
RUN-6014 WARNING: Importing design, skipped an obsolete step parameter route:tactics.
RUN-1001 : Import flow parameters
RUN-1003 : finish command "import_db EG4S_pr.db" in  4.269287s wall, 4.125000s user + 0.203125s system = 4.328125s CPU (101.4%)

RUN-1004 : used memory is 574 MB, reserved memory is 556 MB, peak memory is 574 MB
RUN-1002 : start command "download -bit EG4S.bit -mode jtag -spd 6 -sec 64 -cable 0"
PRG-2014 : Chip validation success: EAGLE_S20_BG256
RUN-1002 : start command "bit_to_vec -chip EAGLE_S20_BG256 -m jtag -bit EG4S.bit"
PRG-3000 : BIT2VEC::JtagBitstream: completed! line_num = 1354, frame_num = 1259
RUN-1003 : finish command "bit_to_vec -chip EAGLE_S20_BG256 -m jtag -bit EG4S.bit" in  1.465094s wall, 1.375000s user + 0.078125s system = 1.453125s CPU (99.2%)

RUN-1004 : used memory is 770 MB, reserved memory is 744 MB, peak memory is 770 MB
RUN-1002 : start command "program -cable 0 -spd 6 -p"
RUN-1003 : finish command "program -cable 0 -spd 6 -p" in  8.128619s wall, 0.687500s user + 0.500000s system = 1.187500s CPU (14.6%)

RUN-1004 : used memory is 798 MB, reserved memory is 773 MB, peak memory is 798 MB
RUN-1003 : finish command "download -bit EG4S.bit -mode jtag -spd 6 -sec 64 -cable 0" in  9.977446s wall, 2.218750s user + 0.625000s system = 2.843750s CPU (28.5%)

RUN-1004 : used memory is 649 MB, reserved memory is 619 MB, peak memory is 798 MB
GUI-1001 : Download success!
