============================================================
   Tang Dynasty, V5.0.30786
   Copyright:   Shanghai Anlogic Infotech Co., Ltd.
                2011 - 2021
   Executable = C:/Anlogic/TD5.0.30786/bin/td.exe
   Run by =     if you
   Run Date =   Wed Feb  9 20:38:15 2022

   Run on =     DESKTOP-KVJMB1K
============================================================
RUN-1002 : start command "import_device eagle_s20.db -package BG256"
ARC-1001 : Device Initialization.
ARC-1001 : ------------------------------------------------------------------
ARC-1001 :            OPTION            |          IO          |   SETTING   
ARC-1001 : ------------------------------------------------------------------
ARC-1001 :   cso_b/cclk/mosi/miso/dout  |  T3/R11/T10/P10/S11  |    gpio    
ARC-1001 :             done             |         P13          |    gpio    
ARC-1001 :           program_b          |          T2          |  dedicate  
ARC-1001 :        tdi/tms/tck/tdo       |   C12/A15/C14/E14    |  dedicate  
ARC-1001 : ------------------------------------------------------------------
ARC-1004 : Device setting, marked 5 dedicate IOs in total.
RUN-1002 : start command "import_db EG4S_pr.db"
RUN-1001 : Importing database generated by Tang Dynasty, V5.0.30786.
RUN-1001 : Database version number 46126.
RUN-1001 : Import IO constraints
RUN-1001 : Import Inst constraints
RUN-6014 WARNING: Importing design, skipped an obsolete step parameter place:timing_factor.
RUN-6014 WARNING: Importing design, skipped an obsolete step parameter route:least_critical_net_perc.
RUN-6014 WARNING: Importing design, skipped an obsolete step parameter route:most_critical_net_perc.
RUN-6014 WARNING: Importing design, skipped an obsolete step parameter route:tactics.
RUN-1001 : Import flow parameters
RUN-1003 : finish command "import_db EG4S_pr.db" in  8.075726s wall, 7.843750s user + 0.578125s system = 8.421875s CPU (104.3%)

RUN-1004 : used memory is 587 MB, reserved memory is 569 MB, peak memory is 587 MB
RUN-1002 : start command "download -bit EG4S.bit -mode jtag -spd 6 -sec 64 -cable 0"
PRG-2014 : Chip validation success: EAGLE_S20_BG256
RUN-1002 : start command "bit_to_vec -chip EAGLE_S20_BG256 -m jtag -bit EG4S.bit"
PRG-3000 : BIT2VEC::JtagBitstream: completed! line_num = 1354, frame_num = 1259
RUN-1003 : finish command "bit_to_vec -chip EAGLE_S20_BG256 -m jtag -bit EG4S.bit" in  1.836046s wall, 1.781250s user + 0.046875s system = 1.828125s CPU (99.6%)

RUN-1004 : used memory is 782 MB, reserved memory is 756 MB, peak memory is 782 MB
RUN-1002 : start command "program -cable 0 -spd 6 -p"
RUN-1003 : finish command "program -cable 0 -spd 6 -p" in  7.819909s wall, 0.421875s user + 0.343750s system = 0.765625s CPU (9.8%)

RUN-1004 : used memory is 810 MB, reserved memory is 786 MB, peak memory is 810 MB
RUN-1003 : finish command "download -bit EG4S.bit -mode jtag -spd 6 -sec 64 -cable 0" in  10.073345s wall, 2.343750s user + 0.453125s system = 2.796875s CPU (27.8%)

RUN-1004 : used memory is 661 MB, reserved memory is 631 MB, peak memory is 810 MB
GUI-1001 : Download success!
