============================================================
   Tang Dynasty, V5.0.30786
   Copyright:   Shanghai Anlogic Infotech Co., Ltd.
                2011 - 2021
   Executable = C:/Anlogic/TD5.0.30786/bin/td.exe
   Run by =     if you
   Run Date =   Fri Jan 28 11:39:13 2022

   Run on =     DESKTOP-KVJMB1K
============================================================
RUN-1002 : start command "import_device eagle_s20.db -package BG256"
ARC-1001 : Device Initialization.
ARC-1001 : ------------------------------------------------------------------
ARC-1001 :            OPTION            |          IO          |   SETTING   
ARC-1001 : ------------------------------------------------------------------
ARC-1001 :   cso_b/cclk/mosi/miso/dout  |  T3/R11/T10/P10/S11  |    gpio    
ARC-1001 :             done             |         P13          |    gpio    
ARC-1001 :           program_b          |          T2          |  dedicate  
ARC-1001 :        tdi/tms/tck/tdo       |   C12/A15/C14/E14    |  dedicate  
ARC-1001 : ------------------------------------------------------------------
ARC-1004 : Device setting, marked 5 dedicate IOs in total.
RUN-1002 : start command "import_db EG4S_pr.db"
RUN-1001 : Importing database generated by Tang Dynasty, V5.0.30786.
RUN-1001 : Database version number 46126.
RUN-1001 : Import IO constraints
RUN-1001 : Import Inst constraints
RUN-6014 WARNING: Importing design, skipped an obsolete step parameter place:timing_factor.
RUN-6014 WARNING: Importing design, skipped an obsolete step parameter route:least_critical_net_perc.
RUN-6014 WARNING: Importing design, skipped an obsolete step parameter route:most_critical_net_perc.
RUN-6014 WARNING: Importing design, skipped an obsolete step parameter route:tactics.
RUN-1001 : Import flow parameters
RUN-1003 : finish command "import_db EG4S_pr.db" in  4.286645s wall, 4.203125s user + 0.203125s system = 4.406250s CPU (102.8%)

RUN-1004 : used memory is 574 MB, reserved memory is 557 MB, peak memory is 574 MB
RUN-1002 : start command "download -bit EG4S.bit -mode jtag -spd 6 -sec 64 -cable 0"
PRG-2014 : Chip validation success: EAGLE_S20_BG256
RUN-1002 : start command "bit_to_vec -chip EAGLE_S20_BG256 -m jtag -bit EG4S.bit"
PRG-3000 : BIT2VEC::JtagBitstream: completed! line_num = 1354, frame_num = 1259
RUN-1003 : finish command "bit_to_vec -chip EAGLE_S20_BG256 -m jtag -bit EG4S.bit" in  1.475994s wall, 1.406250s user + 0.125000s system = 1.531250s CPU (103.7%)

RUN-1004 : used memory is 776 MB, reserved memory is 747 MB, peak memory is 776 MB
RUN-1002 : start command "program -cable 0 -spd 6 -p"
RUN-1003 : finish command "program -cable 0 -spd 6 -p" in  7.402452s wall, 0.515625s user + 0.250000s system = 0.765625s CPU (10.3%)

RUN-1004 : used memory is 803 MB, reserved memory is 776 MB, peak memory is 804 MB
RUN-1003 : finish command "download -bit EG4S.bit -mode jtag -spd 6 -sec 64 -cable 0" in  9.255432s wall, 2.093750s user + 0.406250s system = 2.500000s CPU (27.0%)

RUN-1004 : used memory is 654 MB, reserved memory is 622 MB, peak memory is 804 MB
GUI-1001 : Download success!
