


ARM Macro Assembler    Page 1 


    1 00000000                 PRESERVE8
    2 00000000                 THUMB
    3 00000000         
    4 00000000                 AREA             RESET, DATA, READONLY
    5 00000000                 EXPORT           __Vectors
    6 00000000         
    7 00000000 20000000 
                       __Vectors
                               DCD              0x20000000  ; Top of Stack
    8 00000004 00000000        DCD              Reset_Handler ; Reset Handler
    9 00000008 00000000        DCD              0           ; NMI Handler
   10 0000000C 00000000        DCD              0           ; Hard Fault Handle
                                                            r
   11 00000010 00000000        DCD              0           ; Reserved
   12 00000014 00000000        DCD              0           ; Reserved
   13 00000018 00000000        DCD              0           ; Reserved
   14 0000001C 00000000        DCD              0           ; Reserved
   15 00000020 00000000        DCD              0           ; Reserved
   16 00000024 00000000        DCD              0           ; Reserved
   17 00000028 00000000        DCD              0           ; Reserved
   18 0000002C 00000000        DCD              0           ; SVCall Handler
   19 00000030 00000000        DCD              0           ; Reserved
   20 00000034 00000000        DCD              0           ; Reserved
   21 00000038 00000000        DCD              0           ; PendSV Handler
   22 0000003C 00000000        DCD              0           ; SysTick Handler
   23 00000040 00000000        DCD              0           ; IRQ0 Handler
   24 00000044         
   25 00000044                 AREA             |.text|, CODE, READONLY
   26 00000000         
   27 00000000         ; Reset Handler
   28 00000000         
   29 00000000         Reset_Handler
                               PROC
   30 00000000                 GLOBAL           Reset_Handler
   31 00000000                 ENTRY
   32 00000000 4A0C            LDR              R2, =0x40000000 ;WaterLight mod
                                                            e reg addr
   33 00000002 1D13            ADDS             R3, R2, #4  ;WaterLight speed r
                                                            eg addr
   34 00000004 4E0C            LDR              R6, =0x017d7840 ;WaterLight spe
                                                            ed value
   35 00000006 601E            STR              R6, [R3]    ;Set WaterLight spe
                                                            ed
   36 00000008         
   37 00000008 2001    WaterLight
                               MOVS             R0, #1      ;WaterLight mode in
                                                            itial
   38 0000000A 2101            MOVS             R1, #1      ;Interval cnt initi
                                                            al
   39 0000000C F000 F80C       BL               delay
   40 00000010 6010            STR              R0, [R2]    ;Set WaterLight mod
                                                            e
   41 00000012 2002            MOVS             R0, #2      ;WaterLight mode in
                                                            itial
   42 00000014 2101            MOVS             R1, #1      ;Interval cnt initi
                                                            al
   43 00000016 F000 F807       BL               delay
   44 0000001A 6010            STR              R0, [R2]    ;Set WaterLight mod
                                                            e



ARM Macro Assembler    Page 2 


   45 0000001C 2003            MOVS             R0, #3      ;WaterLight mode in
                                                            itial
   46 0000001E 2101            MOVS             R1, #1      ;Interval cnt initi
                                                            al
   47 00000020 F000 F802       BL               delay
   48 00000024 6010            STR              R0, [R2]    ;Set WaterLight mod
                                                            e
   49 00000026 E7EF            B                WaterLight
   50 00000028         
   51 00000028         ; Finish function delay 
   52 00000028 1C49    delay   ADDS             R1,R1,#1
   53 0000002A 4C04            LDR              R4,=0X10
   54 0000002C 428C            CMP              R4,R1
   55 0000002E D1FB            BNE              delay
   56 00000030 4770            BX               LR
   57 00000032         ;;;;;;;;;;;;;;;;;;;;;;
   58 00000032         
   59 00000032                 ENDP
   60 00000032         
   61 00000032                 END
              00 00 40000000 
              017D7840 
              00000010 
Command Line: --debug --xref --diag_suppress=9931 --cpu=Cortex-M0 --apcs=interw
ork --depend=.\startup_cmsdk_cm0.d -o.\startup_cmsdk_cm0.o -I.\RTE\_Target_1 -I
C:\Keil_v5\ARM\PACK\Keil\V2M-MPS2_CMx_BSP\1.7.0\Device\CMSDK_CM0\Include -IC:\K
eil_v5\ARM\CMSIS\Include --predefine="__UVISION_VERSION SETA 528" --predefine="
CMSDK_CM0 SETA 1" --list=.\listings\startup_cmsdk_cm0.lst startup_CMSDK_CM0.s



ARM Macro Assembler    Page 1 Alphabetic symbol ordering
Relocatable symbols

RESET 00000000

Symbol: RESET
   Definitions
      At line 4 in file startup_CMSDK_CM0.s
   Uses
      None
Comment: RESET unused
__Vectors 00000000

Symbol: __Vectors
   Definitions
      At line 7 in file startup_CMSDK_CM0.s
   Uses
      At line 5 in file startup_CMSDK_CM0.s
Comment: __Vectors used once
2 symbols



ARM Macro Assembler    Page 1 Alphabetic symbol ordering
Relocatable symbols

.text 00000000

Symbol: .text
   Definitions
      At line 25 in file startup_CMSDK_CM0.s
   Uses
      None
Comment: .text unused
Reset_Handler 00000000

Symbol: Reset_Handler
   Definitions
      At line 29 in file startup_CMSDK_CM0.s
   Uses
      At line 8 in file startup_CMSDK_CM0.s
      At line 30 in file startup_CMSDK_CM0.s

WaterLight 00000008

Symbol: WaterLight
   Definitions
      At line 37 in file startup_CMSDK_CM0.s
   Uses
      At line 49 in file startup_CMSDK_CM0.s
Comment: WaterLight used once
delay 00000028

Symbol: delay
   Definitions
      At line 52 in file startup_CMSDK_CM0.s
   Uses
      At line 39 in file startup_CMSDK_CM0.s
      At line 43 in file startup_CMSDK_CM0.s
      At line 47 in file startup_CMSDK_CM0.s
      At line 55 in file startup_CMSDK_CM0.s

4 symbols
340 symbols in table
