============================================================
   Tang Dynasty, V5.0.30786
   Copyright:   Shanghai Anlogic Infotech Co., Ltd.
                2011 - 2021
   Executable = C:/Anlogic/TD5.0.30786/bin/td.exe
   Run by =     if you
   Run Date =   Wed Feb  9 19:15:18 2022

   Run on =     DESKTOP-KVJMB1K
============================================================
ARC-1001 : Device Initialization.
ARC-1001 : ------------------------------------------------------------------
ARC-1001 :            OPTION            |          IO          |   SETTING   
ARC-1001 : ------------------------------------------------------------------
ARC-1001 :   cso_b/cclk/mosi/miso/dout  |  T3/R11/T10/P10/S11  |    gpio    
ARC-1001 :             done             |         P13          |    gpio    
ARC-1001 :           program_b          |          T2          |  dedicate  
ARC-1001 :        tdi/tms/tck/tdo       |   C12/A15/C14/E14    |  dedicate  
ARC-1001 : ------------------------------------------------------------------
ARC-1004 : Device setting, marked 5 dedicate IOs in total.
RUN-1001 : Print Global Property
RUN-1001 : -------------------------------------------------------
RUN-1001 :        Parameters        |  Settings  |  Default Values  
RUN-1001 : -------------------------------------------------------
RUN-1001 :          message         |  standard  |     standard     
RUN-1001 :   mixed_pack_place_flow  |     on     |        on        
RUN-1001 :        syn_ip_flow       |    off     |       off        
RUN-1001 :          thread          |    auto    |       auto       
RUN-1001 : -------------------------------------------------------
RUN-1001 : Print Design Property
RUN-1001 : ------------------------------------------------------
RUN-1001 :        Parameters       |  Settings  |  Default Values  
RUN-1001 : ------------------------------------------------------
RUN-1001 :        infer_add        |     on     |        on        
RUN-1001 :        infer_fsm        |    off     |       off        
RUN-1001 :        infer_mult       |     on     |        on        
RUN-1001 :        infer_ram        |     on     |        on        
RUN-1001 :        infer_reg        |     on     |        on        
RUN-1001 :   infer_reg_init_value  |     on     |        on        
RUN-1001 :        infer_rom        |     on     |        on        
RUN-1001 :      infer_shifter      |    off     |       off        
RUN-1001 :         map_dram        |    auto    |       auto       
RUN-1001 : ------------------------------------------------------
RUN-1001 : Print Rtl Property
RUN-1001 : ------------------------------------------------------
RUN-1001 :        Parameters       |  Settings  |  Default Values  
RUN-1001 : ------------------------------------------------------
RUN-1001 :       compress_add      |   ripple   |      ripple      
RUN-1001 :        elf_sload        |    off     |       off        
RUN-1001 :       fix_undriven      |     0      |        0         
RUN-1001 :         flatten         |    off     |       off        
RUN-1001 :       gate_sharing      |     on     |        on        
RUN-1001 :    hdl_warning_level    |   normal   |      normal      
RUN-1001 :   impl_internal_tribuf  |     on     |        on        
RUN-1001 :      impl_set_reset     |     on     |        on        
RUN-1001 :        infer_gsr        |    off     |       off        
RUN-1001 :      keep_hierarchy     |    auto    |       auto       
RUN-1001 :        max_fanout       |    9999    |       9999       
RUN-1001 :      max_oh2bin_len     |     10     |        10        
RUN-1001 :       merge_equal       |     on     |        on        
RUN-1001 :       merge_equiv       |     on     |        on        
RUN-1001 :        merge_mux        |    off     |       off        
RUN-1001 :      min_ce_fanout      |     16     |        16        
RUN-1001 :      min_ripple_len     |    auto    |       auto       
RUN-1001 :       oh2bin_ratio      |    0.08    |       0.08       
RUN-1001 :     opt_adder_fanout    |     on     |        on        
RUN-1001 :        opt_arith        |     on     |        on        
RUN-1001 :       opt_big_gate      |    off     |       off        
RUN-1001 :        opt_const        |     on     |        on        
RUN-1001 :      opt_const_mult     |     on     |        on        
RUN-1001 :       opt_lessthan      |     on     |        on        
RUN-1001 :         opt_mux         |    off     |       off        
RUN-1001 :         opt_ram         |    high    |       high       
RUN-1001 :      rtl_sim_model      |    off     |       off        
RUN-1001 :         seq_syn         |     on     |        on        
RUN-1001 : ------------------------------------------------------
HDL-1007 : analyze verilog file rtl/AHBlite_Block_RAM.v
HDL-1007 : analyze verilog file rtl/AHBlite_Decoder.v
HDL-1007 : analyze verilog file rtl/AHBlite_Interconnect.v
HDL-1007 : analyze verilog file rtl/AHBlite_SlaveMUX.v
HDL-1007 : analyze verilog file rtl/AHBlite_UART.v
HDL-1007 : analyze verilog file rtl/AHBlite_WaterLight.v
HDL-1007 : analyze verilog file rtl/Block_RAM.v
HDL-1007 : analyze verilog file rtl/clkuart_pwm.v
HDL-1007 : analyze verilog file rtl/CortexM0_SoC.v
HDL-1007 : analyze verilog file rtl/cortexm0ds_logic.v
HDL-1007 : analyze verilog file rtl/FIFO.v
HDL-1007 : analyze verilog file rtl/UART_RX.v
HDL-1007 : analyze verilog file rtl/UART_TX.v
HDL-1007 : analyze verilog file rtl/WaterLight.v
RUN-1001 : Print Global Property
RUN-1001 : -------------------------------------------------------
RUN-1001 :        Parameters        |  Settings  |  Default Values  
RUN-1001 : -------------------------------------------------------
RUN-1001 :          message         |  standard  |     standard     
RUN-1001 :   mixed_pack_place_flow  |     on     |        on        
RUN-1001 :        syn_ip_flow       |    off     |       off        
RUN-1001 :          thread          |    auto    |       auto       
RUN-1001 : -------------------------------------------------------
RUN-1001 : Print Design Property
RUN-1001 : ------------------------------------------------------
RUN-1001 :        Parameters       |  Settings  |  Default Values  
RUN-1001 : ------------------------------------------------------
RUN-1001 :        infer_add        |     on     |        on        
RUN-1001 :        infer_fsm        |    off     |       off        
RUN-1001 :        infer_mult       |     on     |        on        
RUN-1001 :        infer_ram        |     on     |        on        
RUN-1001 :        infer_reg        |     on     |        on        
RUN-1001 :   infer_reg_init_value  |     on     |        on        
RUN-1001 :        infer_rom        |     on     |        on        
RUN-1001 :      infer_shifter      |    off     |       off        
RUN-1001 :         map_dram        |    auto    |       auto       
RUN-1001 : ------------------------------------------------------
RUN-1001 : Print Rtl Property
RUN-1001 : ------------------------------------------------------
RUN-1001 :        Parameters       |  Settings  |  Default Values  
RUN-1001 : ------------------------------------------------------
RUN-1001 :       compress_add      |   ripple   |      ripple      
RUN-1001 :        elf_sload        |    off     |       off        
RUN-1001 :       fix_undriven      |     0      |        0         
RUN-1001 :         flatten         |    off     |       off        
RUN-1001 :       gate_sharing      |     on     |        on        
RUN-1001 :    hdl_warning_level    |   normal   |      normal      
RUN-1001 :   impl_internal_tribuf  |     on     |        on        
RUN-1001 :      impl_set_reset     |     on     |        on        
RUN-1001 :        infer_gsr        |    off     |       off        
RUN-1001 :      keep_hierarchy     |    auto    |       auto       
RUN-1001 :        max_fanout       |    9999    |       9999       
RUN-1001 :      max_oh2bin_len     |     10     |        10        
RUN-1001 :       merge_equal       |     on     |        on        
RUN-1001 :       merge_equiv       |     on     |        on        
RUN-1001 :        merge_mux        |    off     |       off        
RUN-1001 :      min_ce_fanout      |     16     |        16        
RUN-1001 :      min_ripple_len     |    auto    |       auto       
RUN-1001 :       oh2bin_ratio      |    0.08    |       0.08       
RUN-1001 :     opt_adder_fanout    |     on     |        on        
RUN-1001 :        opt_arith        |     on     |        on        
RUN-1001 :       opt_big_gate      |    off     |       off        
RUN-1001 :        opt_const        |     on     |        on        
RUN-1001 :      opt_const_mult     |     on     |        on        
RUN-1001 :       opt_lessthan      |     on     |        on        
RUN-1001 :         opt_mux         |    off     |       off        
RUN-1001 :         opt_ram         |    high    |       high       
RUN-1001 :      rtl_sim_model      |    off     |       off        
RUN-1001 :         seq_syn         |     on     |        on        
RUN-1001 : ------------------------------------------------------
HDL-1007 : analyze verilog file rtl/AHBlite_Block_RAM.v
HDL-1007 : analyze verilog file rtl/AHBlite_Decoder.v
HDL-1007 : analyze verilog file rtl/AHBlite_Interconnect.v
HDL-1007 : analyze verilog file rtl/AHBlite_SlaveMUX.v
HDL-1007 : analyze verilog file rtl/AHBlite_UART.v
HDL-1007 : analyze verilog file rtl/AHBlite_WaterLight.v
HDL-1007 : analyze verilog file rtl/Block_RAM.v
HDL-1007 : analyze verilog file rtl/clkuart_pwm.v
HDL-1007 : analyze verilog file rtl/CortexM0_SoC.v
HDL-1007 : analyze verilog file rtl/cortexm0ds_logic.v
HDL-1007 : analyze verilog file rtl/FIFO.v
HDL-1007 : analyze verilog file rtl/UART_RX.v
HDL-1007 : analyze verilog file rtl/UART_TX.v
HDL-1007 : analyze verilog file rtl/WaterLight.v
RUN-1002 : start command "elaborate -top CortexM0_SoC"
RUN-1001 : Print Design Property
RUN-1001 : ------------------------------------------------------
RUN-1001 :        Parameters       |  Settings  |  Default Values  
RUN-1001 : ------------------------------------------------------
RUN-1001 :        infer_add        |     on     |        on        
RUN-1001 :        infer_fsm        |    off     |       off        
RUN-1001 :        infer_mult       |     on     |        on        
RUN-1001 :        infer_ram        |     on     |        on        
RUN-1001 :        infer_reg        |     on     |        on        
RUN-1001 :   infer_reg_init_value  |     on     |        on        
RUN-1001 :        infer_rom        |     on     |        on        
RUN-1001 :      infer_shifter      |    off     |       off        
RUN-1001 :         map_dram        |    auto    |       auto       
RUN-1001 : ------------------------------------------------------
RUN-1001 : Print Rtl Property
RUN-1001 : ------------------------------------------------------
RUN-1001 :        Parameters       |  Settings  |  Default Values  
RUN-1001 : ------------------------------------------------------
RUN-1001 :       compress_add      |   ripple   |      ripple      
RUN-1001 :        elf_sload        |    off     |       off        
RUN-1001 :       fix_undriven      |     0      |        0         
RUN-1001 :         flatten         |    off     |       off        
RUN-1001 :       gate_sharing      |     on     |        on        
RUN-1001 :    hdl_warning_level    |   normal   |      normal      
RUN-1001 :   impl_internal_tribuf  |     on     |        on        
RUN-1001 :      impl_set_reset     |     on     |        on        
RUN-1001 :        infer_gsr        |    off     |       off        
RUN-1001 :      keep_hierarchy     |    auto    |       auto       
RUN-1001 :        max_fanout       |    9999    |       9999       
RUN-1001 :      max_oh2bin_len     |     10     |        10        
RUN-1001 :       merge_equal       |     on     |        on        
RUN-1001 :       merge_equiv       |     on     |        on        
RUN-1001 :        merge_mux        |    off     |       off        
RUN-1001 :      min_ce_fanout      |     16     |        16        
RUN-1001 :      min_ripple_len     |    auto    |       auto       
RUN-1001 :       oh2bin_ratio      |    0.08    |       0.08       
RUN-1001 :     opt_adder_fanout    |     on     |        on        
RUN-1001 :        opt_arith        |     on     |        on        
RUN-1001 :       opt_big_gate      |    off     |       off        
RUN-1001 :        opt_const        |     on     |        on        
RUN-1001 :      opt_const_mult     |     on     |        on        
RUN-1001 :       opt_lessthan      |     on     |        on        
RUN-1001 :         opt_mux         |    off     |       off        
RUN-1001 :         opt_ram         |    high    |       high       
RUN-1001 :      rtl_sim_model      |    off     |       off        
RUN-1001 :         seq_syn         |     on     |        on        
RUN-1001 : ------------------------------------------------------
RUN-1001 : Print Global Property
RUN-1001 : -------------------------------------------------------
RUN-1001 :        Parameters        |  Settings  |  Default Values  
RUN-1001 : -------------------------------------------------------
RUN-1001 :          message         |  standard  |     standard     
RUN-1001 :   mixed_pack_place_flow  |     on     |        on        
RUN-1001 :        syn_ip_flow       |    off     |       off        
RUN-1001 :          thread          |    auto    |       auto       
RUN-1001 : -------------------------------------------------------
RUN-1001 : Print Design Property
RUN-1001 : ------------------------------------------------------
RUN-1001 :        Parameters       |  Settings  |  Default Values  
RUN-1001 : ------------------------------------------------------
RUN-1001 :        infer_add        |     on     |        on        
RUN-1001 :        infer_fsm        |    off     |       off        
RUN-1001 :        infer_mult       |     on     |        on        
RUN-1001 :        infer_ram        |     on     |        on        
RUN-1001 :        infer_reg        |     on     |        on        
RUN-1001 :   infer_reg_init_value  |     on     |        on        
RUN-1001 :        infer_rom        |     on     |        on        
RUN-1001 :      infer_shifter      |    off     |       off        
RUN-1001 :         map_dram        |    auto    |       auto       
RUN-1001 : ------------------------------------------------------
HDL-5007 WARNING: port 'CODENSEQ' remains unconnected for this instance in rtl/CortexM0_SoC.v(80)
HDL-1007 : elaborate module CortexM0_SoC in rtl/CortexM0_SoC.v(2)
HDL-1007 : elaborate module cortexm0ds_logic in rtl/cortexm0ds_logic.v(27)
HDL-1007 : elaborate module AHBlite_Interconnect in rtl/AHBlite_Interconnect.v(1)
HDL-1007 : elaborate module AHBlite_Decoder in rtl/AHBlite_Decoder.v(1)
HDL-1007 : elaborate module AHBlite_SlaveMUX in rtl/AHBlite_SlaveMUX.v(1)
HDL-1007 : elaborate module AHBlite_Block_RAM in rtl/AHBlite_Block_RAM.v(1)
HDL-5007 WARNING: actual bit length 1 differs from formal bit length 2 for port 'HRESP' in rtl/CortexM0_SoC.v(304)
HDL-1007 : elaborate module AHBlite_WaterLight in rtl/AHBlite_WaterLight.v(1)
HDL-5007 WARNING: actual bit length 1 differs from formal bit length 2 for port 'HRESP' in rtl/CortexM0_SoC.v(364)
HDL-1007 : elaborate module AHBlite_UART in rtl/AHBlite_UART.v(1)
HDL-1007 : elaborate module Block_RAM in rtl/Block_RAM.v(1)
HDL-8007 ERROR: cannot open file 'C:/Users/tianj/Desktop/CortexM0_SoC_Task/Task3/keil/code.hex' in rtl/Block_RAM.v(15)
HDL-1007 : module 'Block_RAM' remains a black box due to errors in its contents in rtl/Block_RAM.v(1)
HDL-1007 : elaborate module WaterLight in rtl/WaterLight.v(1)
HDL-1007 : elaborate module clkuart_pwm in rtl/clkuart_pwm.v(2)
HDL-1007 : elaborate module UART_RX in rtl/UART_RX.v(1)
HDL-1007 : elaborate module UART_TX in rtl/UART_TX.v(1)
HDL-1007 : elaborate module FIFO in rtl/FIFO.v(4)
RUN-1001 : Print Global Property
RUN-1001 : -------------------------------------------------------
RUN-1001 :        Parameters        |  Settings  |  Default Values  
RUN-1001 : -------------------------------------------------------
RUN-1001 :          message         |  standard  |     standard     
RUN-1001 :   mixed_pack_place_flow  |     on     |        on        
RUN-1001 :        syn_ip_flow       |    off     |       off        
RUN-1001 :          thread          |    auto    |       auto       
RUN-1001 : -------------------------------------------------------
RUN-1001 : Print Design Property
RUN-1001 : ------------------------------------------------------
RUN-1001 :        Parameters       |  Settings  |  Default Values  
RUN-1001 : ------------------------------------------------------
RUN-1001 :        infer_add        |     on     |        on        
RUN-1001 :        infer_fsm        |    off     |       off        
RUN-1001 :        infer_mult       |     on     |        on        
RUN-1001 :        infer_ram        |     on     |        on        
RUN-1001 :        infer_reg        |     on     |        on        
RUN-1001 :   infer_reg_init_value  |     on     |        on        
RUN-1001 :        infer_rom        |     on     |        on        
RUN-1001 :      infer_shifter      |    off     |       off        
RUN-1001 :         map_dram        |    auto    |       auto       
RUN-1001 : ------------------------------------------------------
RUN-1001 : Print Rtl Property
RUN-1001 : ------------------------------------------------------
RUN-1001 :        Parameters       |  Settings  |  Default Values  
RUN-1001 : ------------------------------------------------------
RUN-1001 :       compress_add      |   ripple   |      ripple      
RUN-1001 :        elf_sload        |    off     |       off        
RUN-1001 :       fix_undriven      |     0      |        0         
RUN-1001 :         flatten         |    off     |       off        
RUN-1001 :       gate_sharing      |     on     |        on        
RUN-1001 :    hdl_warning_level    |   normal   |      normal      
RUN-1001 :   impl_internal_tribuf  |     on     |        on        
RUN-1001 :      impl_set_reset     |     on     |        on        
RUN-1001 :        infer_gsr        |    off     |       off        
RUN-1001 :      keep_hierarchy     |    auto    |       auto       
RUN-1001 :        max_fanout       |    9999    |       9999       
RUN-1001 :      max_oh2bin_len     |     10     |        10        
RUN-1001 :       merge_equal       |     on     |        on        
RUN-1001 :       merge_equiv       |     on     |        on        
RUN-1001 :        merge_mux        |    off     |       off        
RUN-1001 :      min_ce_fanout      |     16     |        16        
RUN-1001 :      min_ripple_len     |    auto    |       auto       
RUN-1001 :       oh2bin_ratio      |    0.08    |       0.08       
RUN-1001 :     opt_adder_fanout    |     on     |        on        
RUN-1001 :        opt_arith        |     on     |        on        
RUN-1001 :       opt_big_gate      |    off     |       off        
RUN-1001 :        opt_const        |     on     |        on        
RUN-1001 :      opt_const_mult     |     on     |        on        
RUN-1001 :       opt_lessthan      |     on     |        on        
RUN-1001 :         opt_mux         |    off     |       off        
RUN-1001 :         opt_ram         |    high    |       high       
RUN-1001 :      rtl_sim_model      |    off     |       off        
RUN-1001 :         seq_syn         |     on     |        on        
RUN-1001 : ------------------------------------------------------
HDL-1007 : analyze verilog file rtl/AHBlite_Block_RAM.v
HDL-1007 : analyze verilog file rtl/AHBlite_Decoder.v
HDL-1007 : analyze verilog file rtl/AHBlite_Interconnect.v
HDL-1007 : analyze verilog file rtl/AHBlite_SlaveMUX.v
HDL-1007 : analyze verilog file rtl/AHBlite_UART.v
HDL-1007 : analyze verilog file rtl/AHBlite_WaterLight.v
HDL-1007 : analyze verilog file rtl/Block_RAM.v
HDL-1007 : analyze verilog file rtl/clkuart_pwm.v
HDL-1007 : analyze verilog file rtl/CortexM0_SoC.v
HDL-1007 : analyze verilog file rtl/cortexm0ds_logic.v
HDL-1007 : analyze verilog file rtl/FIFO.v
HDL-1007 : analyze verilog file rtl/UART_RX.v
HDL-1007 : analyze verilog file rtl/UART_TX.v
HDL-1007 : analyze verilog file rtl/WaterLight.v
RUN-1001 : Print Global Property
RUN-1001 : -------------------------------------------------------
RUN-1001 :        Parameters        |  Settings  |  Default Values  
RUN-1001 : -------------------------------------------------------
RUN-1001 :          message         |  standard  |     standard     
RUN-1001 :   mixed_pack_place_flow  |     on     |        on        
RUN-1001 :        syn_ip_flow       |    off     |       off        
RUN-1001 :          thread          |    auto    |       auto       
RUN-1001 : -------------------------------------------------------
RUN-1001 : Print Design Property
RUN-1001 : ------------------------------------------------------
RUN-1001 :        Parameters       |  Settings  |  Default Values  
RUN-1001 : ------------------------------------------------------
RUN-1001 :        infer_add        |     on     |        on        
RUN-1001 :        infer_fsm        |    off     |       off        
RUN-1001 :        infer_mult       |     on     |        on        
RUN-1001 :        infer_ram        |     on     |        on        
RUN-1001 :        infer_reg        |     on     |        on        
RUN-1001 :   infer_reg_init_value  |     on     |        on        
RUN-1001 :        infer_rom        |     on     |        on        
RUN-1001 :      infer_shifter      |    off     |       off        
RUN-1001 :         map_dram        |    auto    |       auto       
RUN-1001 : ------------------------------------------------------
RUN-1001 : Print Rtl Property
RUN-1001 : ------------------------------------------------------
RUN-1001 :        Parameters       |  Settings  |  Default Values  
RUN-1001 : ------------------------------------------------------
RUN-1001 :       compress_add      |   ripple   |      ripple      
RUN-1001 :        elf_sload        |    off     |       off        
RUN-1001 :       fix_undriven      |     0      |        0         
RUN-1001 :         flatten         |    off     |       off        
RUN-1001 :       gate_sharing      |     on     |        on        
RUN-1001 :    hdl_warning_level    |   normal   |      normal      
RUN-1001 :   impl_internal_tribuf  |     on     |        on        
RUN-1001 :      impl_set_reset     |     on     |        on        
RUN-1001 :        infer_gsr        |    off     |       off        
RUN-1001 :      keep_hierarchy     |    auto    |       auto       
RUN-1001 :        max_fanout       |    9999    |       9999       
RUN-1001 :      max_oh2bin_len     |     10     |        10        
RUN-1001 :       merge_equal       |     on     |        on        
RUN-1001 :       merge_equiv       |     on     |        on        
RUN-1001 :        merge_mux        |    off     |       off        
RUN-1001 :      min_ce_fanout      |     16     |        16        
RUN-1001 :      min_ripple_len     |    auto    |       auto       
RUN-1001 :       oh2bin_ratio      |    0.08    |       0.08       
RUN-1001 :     opt_adder_fanout    |     on     |        on        
RUN-1001 :        opt_arith        |     on     |        on        
RUN-1001 :       opt_big_gate      |    off     |       off        
RUN-1001 :        opt_const        |     on     |        on        
RUN-1001 :      opt_const_mult     |     on     |        on        
RUN-1001 :       opt_lessthan      |     on     |        on        
RUN-1001 :         opt_mux         |    off     |       off        
RUN-1001 :         opt_ram         |    high    |       high       
RUN-1001 :      rtl_sim_model      |    off     |       off        
RUN-1001 :         seq_syn         |     on     |        on        
RUN-1001 : ------------------------------------------------------
HDL-1007 : analyze verilog file rtl/AHBlite_Block_RAM.v
HDL-1007 : analyze verilog file rtl/AHBlite_Decoder.v
HDL-1007 : analyze verilog file rtl/AHBlite_Interconnect.v
HDL-1007 : analyze verilog file rtl/AHBlite_SlaveMUX.v
HDL-1007 : analyze verilog file rtl/AHBlite_UART.v
HDL-1007 : analyze verilog file rtl/AHBlite_WaterLight.v
HDL-1007 : analyze verilog file rtl/Block_RAM.v
HDL-1007 : analyze verilog file rtl/clkuart_pwm.v
HDL-1007 : analyze verilog file rtl/CortexM0_SoC.v
HDL-1007 : analyze verilog file rtl/cortexm0ds_logic.v
HDL-1007 : analyze verilog file rtl/FIFO.v
HDL-1007 : analyze verilog file rtl/UART_RX.v
HDL-1007 : analyze verilog file rtl/UART_TX.v
HDL-1007 : analyze verilog file rtl/WaterLight.v
RUN-1002 : start command "elaborate -top CortexM0_SoC"
RUN-1001 : Print Design Property
RUN-1001 : ------------------------------------------------------
RUN-1001 :        Parameters       |  Settings  |  Default Values  
RUN-1001 : ------------------------------------------------------
RUN-1001 :        infer_add        |     on     |        on        
RUN-1001 :        infer_fsm        |    off     |       off        
RUN-1001 :        infer_mult       |     on     |        on        
RUN-1001 :        infer_ram        |     on     |        on        
RUN-1001 :        infer_reg        |     on     |        on        
RUN-1001 :   infer_reg_init_value  |     on     |        on        
RUN-1001 :        infer_rom        |     on     |        on        
RUN-1001 :      infer_shifter      |    off     |       off        
RUN-1001 :         map_dram        |    auto    |       auto       
RUN-1001 : ------------------------------------------------------
RUN-1001 : Print Rtl Property
RUN-1001 : ------------------------------------------------------
RUN-1001 :        Parameters       |  Settings  |  Default Values  
RUN-1001 : ------------------------------------------------------
RUN-1001 :       compress_add      |   ripple   |      ripple      
RUN-1001 :        elf_sload        |    off     |       off        
RUN-1001 :       fix_undriven      |     0      |        0         
RUN-1001 :         flatten         |    off     |       off        
RUN-1001 :       gate_sharing      |     on     |        on        
RUN-1001 :    hdl_warning_level    |   normal   |      normal      
RUN-1001 :   impl_internal_tribuf  |     on     |        on        
RUN-1001 :      impl_set_reset     |     on     |        on        
RUN-1001 :        infer_gsr        |    off     |       off        
RUN-1001 :      keep_hierarchy     |    auto    |       auto       
RUN-1001 :        max_fanout       |    9999    |       9999       
RUN-1001 :      max_oh2bin_len     |     10     |        10        
RUN-1001 :       merge_equal       |     on     |        on        
RUN-1001 :       merge_equiv       |     on     |        on        
RUN-1001 :        merge_mux        |    off     |       off        
RUN-1001 :      min_ce_fanout      |     16     |        16        
RUN-1001 :      min_ripple_len     |    auto    |       auto       
RUN-1001 :       oh2bin_ratio      |    0.08    |       0.08       
RUN-1001 :     opt_adder_fanout    |     on     |        on        
RUN-1001 :        opt_arith        |     on     |        on        
RUN-1001 :       opt_big_gate      |    off     |       off        
RUN-1001 :        opt_const        |     on     |        on        
RUN-1001 :      opt_const_mult     |     on     |        on        
RUN-1001 :       opt_lessthan      |     on     |        on        
RUN-1001 :         opt_mux         |    off     |       off        
RUN-1001 :         opt_ram         |    high    |       high       
RUN-1001 :      rtl_sim_model      |    off     |       off        
RUN-1001 :         seq_syn         |     on     |        on        
RUN-1001 : ------------------------------------------------------
RUN-1001 : Print Global Property
RUN-1001 : -------------------------------------------------------
RUN-1001 :        Parameters        |  Settings  |  Default Values  
RUN-1001 : -------------------------------------------------------
RUN-1001 :          message         |  standard  |     standard     
RUN-1001 :   mixed_pack_place_flow  |     on     |        on        
RUN-1001 :        syn_ip_flow       |    off     |       off        
RUN-1001 :          thread          |    auto    |       auto       
RUN-1001 : -------------------------------------------------------
RUN-1001 : Print Design Property
RUN-1001 : ------------------------------------------------------
RUN-1001 :        Parameters       |  Settings  |  Default Values  
RUN-1001 : ------------------------------------------------------
RUN-1001 :        infer_add        |     on     |        on        
RUN-1001 :        infer_fsm        |    off     |       off        
RUN-1001 :        infer_mult       |     on     |        on        
RUN-1001 :        infer_ram        |     on     |        on        
RUN-1001 :        infer_reg        |     on     |        on        
RUN-1001 :   infer_reg_init_value  |     on     |        on        
RUN-1001 :        infer_rom        |     on     |        on        
RUN-1001 :      infer_shifter      |    off     |       off        
RUN-1001 :         map_dram        |    auto    |       auto       
RUN-1001 : ------------------------------------------------------
HDL-5007 WARNING: port 'CODENSEQ' remains unconnected for this instance in rtl/CortexM0_SoC.v(80)
HDL-1007 : elaborate module CortexM0_SoC in rtl/CortexM0_SoC.v(2)
HDL-1007 : elaborate module cortexm0ds_logic in rtl/cortexm0ds_logic.v(27)
HDL-1007 : elaborate module AHBlite_Interconnect in rtl/AHBlite_Interconnect.v(1)
HDL-1007 : elaborate module AHBlite_Decoder in rtl/AHBlite_Decoder.v(1)
HDL-1007 : elaborate module AHBlite_SlaveMUX in rtl/AHBlite_SlaveMUX.v(1)
HDL-1007 : elaborate module AHBlite_Block_RAM in rtl/AHBlite_Block_RAM.v(1)
HDL-5007 WARNING: actual bit length 1 differs from formal bit length 2 for port 'HRESP' in rtl/CortexM0_SoC.v(304)
HDL-1007 : elaborate module AHBlite_WaterLight in rtl/AHBlite_WaterLight.v(1)
HDL-5007 WARNING: actual bit length 1 differs from formal bit length 2 for port 'HRESP' in rtl/CortexM0_SoC.v(364)
HDL-1007 : elaborate module AHBlite_UART in rtl/AHBlite_UART.v(1)
HDL-1007 : elaborate module Block_RAM in rtl/Block_RAM.v(1)
HDL-1007 : elaborate module WaterLight in rtl/WaterLight.v(1)
HDL-1007 : elaborate module clkuart_pwm in rtl/clkuart_pwm.v(2)
HDL-1007 : elaborate module UART_RX in rtl/UART_RX.v(1)
HDL-1007 : elaborate module UART_TX in rtl/UART_TX.v(1)
HDL-1007 : elaborate module FIFO in rtl/FIFO.v(4)
HDL-1200 : Current top model is CortexM0_SoC
HDL-1100 : Inferred 2 RAMs.
RUN-1003 : finish command "elaborate -top CortexM0_SoC" in  8.108308s wall, 7.953125s user + 0.593750s system = 8.546875s CPU (105.4%)

RUN-1004 : used memory is 398 MB, reserved memory is 350 MB, peak memory is 1117 MB
RUN-1002 : start command "read_adc const.adc"
RUN-1002 : start command "set_pin_assignment  RSTn   LOCATION = A9; "
RUN-1002 : start command "set_pin_assignment  SWCLK   LOCATION = R2; "
RUN-1002 : start command "set_pin_assignment  SWDIO   LOCATION = P2; "
RUN-1002 : start command "set_pin_assignment  clk   LOCATION = R7; "
RUN-1002 : start command "set_pin_assignment  LED[0]   LOCATION = B14; "
RUN-1002 : start command "set_pin_assignment  LED[1]   LOCATION = B15; "
RUN-1002 : start command "set_pin_assignment  LED[2]   LOCATION = B16; "
RUN-1002 : start command "set_pin_assignment  LED[3]   LOCATION = C15; "
RUN-1002 : start command "set_pin_assignment  LED[4]   LOCATION = C16; "
RUN-1002 : start command "set_pin_assignment  LED[5]   LOCATION = E13; "
RUN-1002 : start command "set_pin_assignment  LED[6]   LOCATION = E16; "
RUN-1002 : start command "set_pin_assignment  LED[7]   LOCATION = F16; "
RUN-1002 : start command "set_pin_assignment  LEDclk   LOCATION = F5; "
RUN-1002 : start command "set_pin_assignment  TXD   LOCATION = D12; "
RUN-1002 : start command "set_pin_assignment  RXD   LOCATION = F12; "
RUN-1002 : start command "optimize_rtl"
RUN-1001 : Open license file C:/Anlogic/TD5.0.30786/license/Anlogic.lic
RUN-1001 : Print Rtl Property
RUN-1001 : ------------------------------------------------------
RUN-1001 :        Parameters       |  Settings  |  Default Values  
RUN-1001 : ------------------------------------------------------
RUN-1001 :       compress_add      |   ripple   |      ripple      
RUN-1001 :        elf_sload        |    off     |       off        
RUN-1001 :       fix_undriven      |     0      |        0         
RUN-1001 :         flatten         |    off     |       off        
RUN-1001 :       gate_sharing      |     on     |        on        
RUN-1001 :    hdl_warning_level    |   normal   |      normal      
RUN-1001 :   impl_internal_tribuf  |     on     |        on        
RUN-1001 :      impl_set_reset     |     on     |        on        
RUN-1001 :        infer_gsr        |    off     |       off        
RUN-1001 :      keep_hierarchy     |    auto    |       auto       
RUN-1001 :        max_fanout       |    9999    |       9999       
RUN-1001 :      max_oh2bin_len     |     10     |        10        
RUN-1001 :       merge_equal       |     on     |        on        
RUN-1001 :       merge_equiv       |     on     |        on        
RUN-1001 :        merge_mux        |    off     |       off        
RUN-1001 :      min_ce_fanout      |     16     |        16        
RUN-1001 :      min_ripple_len     |    auto    |       auto       
RUN-1001 :       oh2bin_ratio      |    0.08    |       0.08       
RUN-1001 :     opt_adder_fanout    |     on     |        on        
RUN-1001 :        opt_arith        |     on     |        on        
RUN-1001 :       opt_big_gate      |    off     |       off        
RUN-1001 :        opt_const        |     on     |        on        
RUN-1001 :      opt_const_mult     |     on     |        on        
RUN-1001 :       opt_lessthan      |     on     |        on        
RUN-1001 :         opt_mux         |    off     |       off        
RUN-1001 :         opt_ram         |    high    |       high       
RUN-1001 :      rtl_sim_model      |    off     |       off        
RUN-1001 :         seq_syn         |     on     |        on        
RUN-1001 : ------------------------------------------------------
SYN-1012 : SanityCheck: Model "CortexM0_SoC"
SYN-1012 : SanityCheck: Model "AHBlite_Interconnect"
SYN-1012 : SanityCheck: Model "AHBlite_Decoder"
SYN-1012 : SanityCheck: Model "AHBlite_SlaveMUX"
SYN-1012 : SanityCheck: Model "AHBlite_Block_RAM"
SYN-1012 : SanityCheck: Model "Block_RAM"
SYN-1012 : SanityCheck: Model "AHBlite_UART"
SYN-1012 : SanityCheck: Model "UART_RX"
SYN-1012 : SanityCheck: Model "UART_TX"
SYN-1012 : SanityCheck: Model "FIFO"
SYN-1012 : SanityCheck: Model "WaterLight"
SYN-1012 : SanityCheck: Model "AHBlite_WaterLight"
SYN-1012 : SanityCheck: Model "clkuart_pwm"
SYN-1012 : SanityCheck: Model "cortexm0ds_logic"
SYN-1026 : Infer Logic BRAM(ram_mem_al_u00)
	 port mode: single dual port
	 port a size: 16384 x 32	 write mode: NORMAL
	 port b size: 16384 x 32	 write mode: READBEFOREWRITE
SYN-1026 : Infer Logic BRAM(ram_mem_al_u10)
	 port mode: single dual port
	 port a size: 16384 x 32	 write mode: NORMAL
	 port b size: 16384 x 32	 write mode: READBEFOREWRITE
SYN-1026 : Infer Logic BRAM(ram_mem_al_u20)
	 port mode: single dual port
	 port a size: 16384 x 32	 write mode: NORMAL
	 port b size: 16384 x 32	 write mode: READBEFOREWRITE
SYN-1026 : Infer Logic BRAM(ram_mem_al_u30)
	 port mode: single dual port
	 port a size: 16384 x 32	 write mode: NORMAL
	 port b size: 16384 x 32	 write mode: READBEFOREWRITE
SYN-1023 : Infer 0 Logic DRAMs, 1 Logic BRAMs.
SYN-1016 : Merged 31 instances.
SYN-1027 : Infer Logic DRAM(al_ram_mem) read 16x8, write 16x8
SYN-1023 : Infer 1 Logic DRAMs, 0 Logic BRAMs.
SYN-1016 : Merged 7 instances.
SYN-1011 : Flatten model CortexM0_SoC
SYN-1011 : Flatten model AHBlite_Interconnect
SYN-1011 : Flatten model AHBlite_Decoder
SYN-1011 : Flatten model AHBlite_SlaveMUX
SYN-1016 : Merged 2 instances.
SYN-1011 : Flatten model AHBlite_Block_RAM
SYN-1011 : Flatten model Block_RAM
SYN-1011 : Flatten model AHBlite_UART
SYN-1011 : Flatten model UART_RX
SYN-1011 : Flatten model UART_TX
SYN-1011 : Flatten model FIFO
SYN-1016 : Merged 5 instances.
SYN-1011 : Flatten model WaterLight
SYN-1011 : Flatten model AHBlite_WaterLight
SYN-1011 : Flatten model clkuart_pwm
SYN-1011 : Flatten model cortexm0ds_logic
SYN-1016 : Merged 51 instances.
SYN-1014 : Optimize round 1
SYN-1032 : 22934/254 useful/useless nets, 22393/119 useful/useless insts
SYN-1021 : Optimized 62 onehot mux instances.
SYN-1020 : Optimized 73 distributor mux.
SYN-1016 : Merged 152 instances.
SYN-1015 : Optimize round 1, 940 better
SYN-1014 : Optimize round 2
SYN-1044 : Optimized 1 inv instances.
SYN-1032 : 22709/21 useful/useless nets, 22169/177 useful/useless insts
SYN-1019 : Optimized 2 mux instances.
SYN-1015 : Optimize round 2, 206 better
SYN-1014 : Optimize round 3
SYN-1032 : 22707/2 useful/useless nets, 22167/0 useful/useless insts
SYN-1015 : Optimize round 3, 0 better
SYN-1014 : Optimize round 1
SYN-1044 : Optimized 146 inv instances.
SYN-1032 : 20873/408 useful/useless nets, 20639/354 useful/useless insts
SYN-1017 : Remove 2 const input seq instances
SYN-1002 :     K7vpw6_reg
SYN-1002 :     Xbopw6_reg
SYN-1019 : Optimized 17 mux instances.
SYN-1016 : Merged 4 instances.
SYN-1015 : Optimize round 1, 4064 better
SYN-1014 : Optimize round 2
SYN-1044 : Optimized 5 inv instances.
SYN-1032 : 19860/22 useful/useless nets, 19626/14 useful/useless insts
SYN-1016 : Merged 1 instances.
SYN-1015 : Optimize round 2, 27 better
SYN-1014 : Optimize round 3
SYN-1032 : 19854/0 useful/useless nets, 19620/1 useful/useless insts
SYN-1015 : Optimize round 3, 4 better
SYN-1014 : Optimize round 4
SYN-1015 : Optimize round 4, 0 better
RUN-1003 : finish command "optimize_rtl" in  4.520964s wall, 4.359375s user + 0.187500s system = 4.546875s CPU (100.6%)

RUN-1004 : used memory is 510 MB, reserved memory is 465 MB, peak memory is 1117 MB
RUN-1002 : start command "td_mkdir simulation"
RUN-1002 : start command "report_area -file uart_rtl.area"
RUN-1001 : standard
***Report Model: CortexM0_SoC***

IO Statistics
#IO                        15
  #input                    4
  #output                  10
  #inout                    1

Gate Statistics
#Basic gates            19910
  #and                   9454
  #nand                     0
  #or                    1956
  #nor                      0
  #xor                     73
  #xnor                     0
  #buf                      0
  #not                   6417
  #bufif1                   1
  #MX21                   520
  #FADD                     0
  #DFF                   1489
  #LATCH                    0
#MACRO_ADD                 17
#MACRO_EQ                  41
#MACRO_MULT                 1
#MACRO_MUX                191

Report Hierarchy Area:
+----------------------------------------------------+
|Instance  |Module           |gates  |seq    |macros |
+----------------------------------------------------+
|top       |CortexM0_SoC     |18421  |1489   |68     |
|  u_logic |cortexm0ds_logic |18277  |1297   |14     |
+----------------------------------------------------+

RUN-1002 : start command "export_db uart_rtl.db"
RUN-1001 : Exported /
RUN-1001 : Exported libs
RUN-1001 : Exported entities
RUN-1001 : Exported ports
RUN-1001 : Exported pins
RUN-1001 : Exported instances
RUN-1001 : Exported nets
RUN-1001 : Exported buses
RUN-1001 : Exported models
RUN-1001 : Exported congestions
RUN-1001 : Exported violations
RUN-1001 : Exported IO constraints
RUN-1001 : Exported Inst constraints
RUN-1001 : Exported flow parameters
RUN-1003 : finish command "export_db uart_rtl.db" in  3.245366s wall, 3.031250s user + 0.171875s system = 3.203125s CPU (98.7%)

RUN-1004 : used memory is 678 MB, reserved memory is 641 MB, peak memory is 1117 MB
RUN-1002 : start command "optimize_gate -maparea uart_gate.area"
RUN-1001 : Open license file C:/Anlogic/TD5.0.30786/license/Anlogic.lic
RUN-1001 : Print Gate Property
RUN-1001 : ----------------------------------------------------------
RUN-1001 :          Parameters         |  Settings  |  Default Values  
RUN-1001 : ----------------------------------------------------------
RUN-1001 :        auto_partition       |    fine    |       fine       
RUN-1001 :         cascade_dsp         |    off     |       off        
RUN-1001 :         cascade_eram        |     on     |        on        
RUN-1001 :        gate_sim_model       |    off     |       off        
RUN-1001 :        map_sim_model        |    off     |       off        
RUN-1001 :           opt_area          |   medium   |      medium      
RUN-1001 :          opt_timing         |    auto    |       auto       
RUN-1001 :         pack_effort         |   medium   |      medium      
RUN-1001 :      pack_lslice_ripple     |     on     |        on        
RUN-1001 :   pack_lslice_ripple_ratio  |    0.5     |       0.5        
RUN-1001 :        pack_seq_in_io       |     on     |        on        
RUN-1001 :        ph1_mux_ratio        |    1.0     |       1.0        
RUN-1001 :            report           |  standard  |     standard     
RUN-1001 : ----------------------------------------------------------
SYN-2001 : Map 15 IOs to PADs
SYN-2501 : Processed 0 LOGIC_BUF instances.
SYN-2593 : bram inst: RAM_CODE/ram_mem_al_u00 will be optimized to a new one with A-width 8 due to unused data out
SYN-2593 : bram inst: RAM_CODE/ram_mem_al_u10 will be optimized to a new one with A-width 8 due to unused data out
SYN-2593 : bram inst: RAM_CODE/ram_mem_al_u20 will be optimized to a new one with A-width 8 due to unused data out
SYN-2593 : bram inst: RAM_CODE/ram_mem_al_u30 will be optimized to a new one with A-width 8 due to unused data out
SYN-2593 : bram inst: RAM_DATA/ram_mem_al_u00 will be optimized to a new one with A-width 8 due to unused data out
SYN-2593 : bram inst: RAM_DATA/ram_mem_al_u10 will be optimized to a new one with A-width 8 due to unused data out
SYN-2593 : bram inst: RAM_DATA/ram_mem_al_u20 will be optimized to a new one with A-width 8 due to unused data out
SYN-2593 : bram inst: RAM_DATA/ram_mem_al_u30 will be optimized to a new one with A-width 8 due to unused data out
SYN-2595 : bram inst: RAM_CODE/ram_mem_al_u00 is set to PDPW/SP from DP for resource saving
SYN-2595 : bram inst: RAM_CODE/ram_mem_al_u10 is set to PDPW/SP from DP for resource saving
SYN-2595 : bram inst: RAM_CODE/ram_mem_al_u20 is set to PDPW/SP from DP for resource saving
SYN-2595 : bram inst: RAM_CODE/ram_mem_al_u30 is set to PDPW/SP from DP for resource saving
SYN-2595 : bram inst: RAM_DATA/ram_mem_al_u00 is set to PDPW/SP from DP for resource saving
SYN-2595 : bram inst: RAM_DATA/ram_mem_al_u10 is set to PDPW/SP from DP for resource saving
SYN-2595 : bram inst: RAM_DATA/ram_mem_al_u20 is set to PDPW/SP from DP for resource saving
SYN-2595 : bram inst: RAM_DATA/ram_mem_al_u30 is set to PDPW/SP from DP for resource saving
SYN-2512 : LOGIC BRAM "RAM_CODE/ram_mem_al_u00"
SYN-2512 : LOGIC BRAM "RAM_CODE/ram_mem_al_u10"
SYN-2512 : LOGIC BRAM "RAM_CODE/ram_mem_al_u20"
SYN-2512 : LOGIC BRAM "RAM_CODE/ram_mem_al_u30"
SYN-2512 : LOGIC BRAM "RAM_DATA/ram_mem_al_u00"
SYN-2512 : LOGIC BRAM "RAM_DATA/ram_mem_al_u10"
SYN-2512 : LOGIC BRAM "RAM_DATA/ram_mem_al_u20"
SYN-2512 : LOGIC BRAM "RAM_DATA/ram_mem_al_u30"
SYN-2531 : Dram(UART_TX/FIFO/al_ram_mem) write 16x8, read 16x8
SYN-2531 : DRAM UART_TX/FIFO/al_ram_mem has no init file
SYN-2571 : Optimize after map_dsp, round 1
SYN-1016 : Merged 139 instances.
SYN-2571 : Optimize after map_dsp, round 1, 139 better
SYN-2571 : Optimize after map_dsp, round 2
SYN-2571 : Optimize after map_dsp, round 2, 0 better
SYN-2501 : Optimize round 1
SYN-1016 : Merged 94 instances.
SYN-2501 : Optimize round 1, 368 better
SYN-2501 : Optimize round 2
SYN-2501 : Optimize round 2, 0 better
SYN-2501 : Map 10 macro adder
SYN-1019 : Optimized 189 mux instances.
SYN-1016 : Merged 18 instances.
SYN-1032 : 21404/204 useful/useless nets, 21031/4 useful/useless insts
SYN-2501 : Processed 0 LOGIC_BUF instances.
SYN-2571 : Map 1 macro multiplier
SYN-2571 : Optimize after map_dsp, round 1
SYN-1032 : 19947/68 useful/useless nets, 19625/1 useful/useless insts
SYN-2571 : Optimize after map_dsp, round 1, 69 better
SYN-2571 : Optimize after map_dsp, round 2
SYN-2571 : Optimize after map_dsp, round 2, 0 better
SYN-2501 : Optimize round 1
SYN-2501 : Optimize round 1, 0 better
SYN-2501 : Map 8 macro adder
SYN-1016 : Merged 8 instances.
SYN-1032 : 20381/2 useful/useless nets, 20127/0 useful/useless insts
SYN-3001 : X or Z is treated as constant in optimizing instance UART_TX/_al_const_x.
SYN-3001 : X or Z is treated as constant in optimizing instance UART_TX/_al_const_x.
SYN-3001 : X or Z is treated as constant in optimizing instance UART_TX/_al_const_x.
SYN-3001 : X or Z is treated as constant in optimizing instance UART_TX/_al_const_x.
SYN-3004 : Optimized 1 const0 DFF(s)
SYN-1032 : 21018/4 useful/useless nets, 20764/4 useful/useless insts
SYN-1032 : 21867/59 useful/useless nets, 21480/53 useful/useless insts
SYN-3001 : X or Z is treated as constant in optimizing instance UART_TX/_al_const_x.
SYN-3001 : Running gate level optimization.
SYN-2581 : Mapping with K=5, #lut = 338 (3.89), #lev = 4 (2.67)
SYN-2551 : Post LUT mapping optimization.
SYN-2581 : Mapping with K=5, #lut = 325 (3.96), #lev = 4 (2.40)
SYN-3001 : Logic optimization runtime opt =   0.05 sec, map =   0.00 sec
SYN-3001 : Mapper mapped 975 instances into 331 LUTs, name keeping = 54%.
SYN-3001 : Running gate level optimization.
SYN-2581 : Mapping with K=5, #lut = 4682 (3.74), #lev = 19 (9.48)
SYN-2551 : Post LUT mapping optimization.
SYN-2581 : Mapping with K=5, #lut = 4696 (3.75), #lev = 17 (8.99)
SYN-3001 : Logic optimization runtime opt =   1.06 sec, map = 392.49 sec
SYN-3001 : Mapper mapped 18627 instances into 4696 LUTs, name keeping = 35%.
RUN-1002 : start command "report_area -file uart_gate.area"
RUN-1001 : standard
***Report Model: CortexM0_SoC***

IO Statistics
#IO                        15
  #input                    4
  #output                  10
  #inout                    1

LUT Statistics
#Total_luts              5262
  #lut4                  4065
  #lut5                   962
  #lut6                     0
  #lut5_mx41                0
  #lut4_alu1b             235

Utilization Statistics
#lut                     5262   out of  19600   26.85%
#reg                     1489   out of  19600    7.60%
#le                         0
#dsp                        3   out of     29   10.34%
#bram                     128   out of     64  200.00%
  #bram9k                 128
  #fifo9k                   0
#bram32k                    0   out of     16    0.00%
#dram                       2
#pad                       15   out of    188    7.98%
  #ireg                     0
  #oreg                     0
  #treg                     0
#pll                        0   out of      4    0.00%

Report Hierarchy Area:
+--------------------------------------------------------------------+
|Instance  |Module           |lut    |ripple |seq    |bram   |dsp    |
+--------------------------------------------------------------------+
|top       |CortexM0_SoC     |5027   |235    |1489   |128    |3      |
|  u_logic |cortexm0ds_logic |4696   |173    |1296   |0      |3      |
+--------------------------------------------------------------------+

SYN-1001 : Packing model "CortexM0_SoC" ...
SYN-4010 : Pack lib has 44 rtl pack models with 17 top pack blocks
SYN-1014 : Optimize round 1
SYN-1015 : Optimize round 1, 0 better
SYN-4002 : Packing 193 DFF/LATCH to SEQ ...
SYN-4009 : Pack 1 carry chain into lslice
SYN-4007 : Packing 29 adder to BLE ...
SYN-4008 : Packed 29 adder and 0 SEQ to BLE.
SYN-4007 : Packing 0 gate4 to BLE ...
SYN-4008 : Packed 0 gate4 and 0 SEQ to BLE.
SYN-4012 : Packed 0 FxMUX
SYN-4013 : Packed 2 DRAM and 0 SEQ.
SYN-1001 : Packing model "cortexm0ds_logic" ...
SYN-4010 : Pack lib has 44 rtl pack models with 17 top pack blocks
SYN-1014 : Optimize round 1
SYN-1015 : Optimize round 1, 0 better
SYN-4002 : Packing 1296 DFF/LATCH to SEQ ...
SYN-4009 : Pack 3 carry chain into lslice
SYN-4007 : Packing 76 adder to BLE ...
SYN-4008 : Packed 76 adder and 0 SEQ to BLE.
SYN-4007 : Packing 0 gate4 to BLE ...
SYN-4008 : Packed 0 gate4 and 0 SEQ to BLE.
SYN-4012 : Packed 0 FxMUX
RUN-1003 : finish command "optimize_gate -maparea uart_gate.area" in  16.082011s wall, 16.000000s user + 0.359375s system = 16.359375s CPU (101.7%)

RUN-1004 : used memory is 705 MB, reserved memory is 662 MB, peak memory is 1117 MB
RUN-1002 : start command "legalize_phy_inst"
SYN-1011 : Flatten model CortexM0_SoC
SYN-1011 : Flatten model cortexm0ds_logic
SYN-1016 : Merged 2 instances.
SYN-1016 : Merged 2 instances.
RUN-1002 : start command "export_db uart_gate.db"
RUN-1001 : Exported /
RUN-1001 : Exported libs
RUN-1001 : Exported entities
RUN-1001 : Exported ports
RUN-1001 : Exported pins
RUN-1001 : Exported instances
RUN-1001 : Exported nets
RUN-1001 : Exported buses
RUN-1001 : Exported models
RUN-1001 : Exported congestions
RUN-1001 : Exported violations
RUN-1001 : Exported IO constraints
RUN-1001 : Exported Inst constraints
RUN-1001 : Exported flow parameters
RUN-1003 : finish command "export_db uart_gate.db" in  3.562777s wall, 3.437500s user + 0.171875s system = 3.609375s CPU (101.3%)

RUN-1004 : used memory is 748 MB, reserved memory is 718 MB, peak memory is 1117 MB
RUN-1002 : start command "place"
RUN-1001 : Open license file C:/Anlogic/TD5.0.30786/license/Anlogic.lic
RUN-1001 : Print Place Property
RUN-1001 : ------------------------------------------------
RUN-1001 :     Parameters    |  Settings  |  Default Values  
RUN-1001 : ------------------------------------------------
RUN-1001 :   detailed_place  |     on     |        on        
RUN-1001 :       effort      |   medium   |      medium      
RUN-1001 :     opt_timing    |   medium   |      medium      
RUN-1001 :    pr_strategy    |     1      |        1         
RUN-1001 :     relaxation    |    1.00    |       1.00       
RUN-1001 :      retiming     |    off     |       off        
RUN-1001 : ------------------------------------------------
RUN-1002 : start command "set_param place timing_factor 2.5"
RUN-1002 : start command "set_param route tactics length"
RUN-1002 : start command "set_param route least_critical_net_perc 20"
RUN-1002 : start command "set_param route most_critical_net_perc 60"
PHY-3001 : Placer runs in 8 thread(s).
SYN-4024 : Net "clk_pad" drive clk pins.
SYN-4024 : Net "u_logic/SWCLKTCK_pad" drive clk pins.
SYN-4024 : Net "LEDclk_pad" drive clk pins.
SYN-4025 : Tag rtl::Net LEDclk_pad as clock net
SYN-4025 : Tag rtl::Net clk_pad as clock net
SYN-4025 : Tag rtl::Net u_logic/SWCLKTCK_pad as clock net
SYN-4026 : Tagged 3 rtl::Net as clock net
SYN-4015 : Create BUFG instance for clk Net u_logic/SWCLKTCK_pad to drive 107 clock pins.
SYN-4015 : Create BUFG instance for clk Net LEDclk_pad to drive 16 clock pins.
PHY-1001 : Populate physical database on model CortexM0_SoC.
RUN-1001 : There are total 6760 instances
RUN-1001 : 5025 luts, 1489 seqs, 59 mslices, 36 lslices, 15 pads, 128 brams, 3 dsps
RUN-1001 : There are total 7043 nets
RUN-1001 : 3806 nets have 2 pins
RUN-1001 : 2274 nets have [3 - 5] pins
RUN-1001 : 502 nets have [6 - 10] pins
RUN-1001 : 232 nets have [11 - 20] pins
RUN-1001 : 211 nets have [21 - 99] pins
RUN-1001 : 18 nets have 100+ pins
PHY-9013 ERROR: Design's emb number = 128, exceeds the limit 64.
