============================================================
   Tang Dynasty, V5.0.30786
   Copyright:   Shanghai Anlogic Infotech Co., Ltd.
                2011 - 2021
   Executable = C:/Anlogic/TD5.0.30786/bin/td.exe
   Run by =     if you
   Run Date =   Tue Feb 15 12:46:42 2022

   Run on =     DESKTOP-KVJMB1K
============================================================
RUN-1002 : start command "import_device eagle_s20.db -package BG256"
ARC-1001 : Device Initialization.
ARC-1001 : ------------------------------------------------------------------
ARC-1001 :            OPTION            |          IO          |   SETTING   
ARC-1001 : ------------------------------------------------------------------
ARC-1001 :   cso_b/cclk/mosi/miso/dout  |  T3/R11/T10/P10/S11  |    gpio    
ARC-1001 :             done             |         P13          |    gpio    
ARC-1001 :           program_b          |          T2          |  dedicate  
ARC-1001 :        tdi/tms/tck/tdo       |   C12/A15/C14/E14    |  dedicate  
ARC-1001 : ------------------------------------------------------------------
ARC-1004 : Device setting, marked 5 dedicate IOs in total.
RUN-1002 : start command "import_db uart_pr.db"
RUN-1001 : Importing database generated by Tang Dynasty, V5.0.30786.
RUN-1001 : Database version number 46126.
RUN-1001 : Import IO constraints
RUN-1001 : Import Inst constraints
RUN-6014 WARNING: Importing design, skipped an obsolete step parameter place:timing_factor.
RUN-6014 WARNING: Importing design, skipped an obsolete step parameter route:least_critical_net_perc.
RUN-6014 WARNING: Importing design, skipped an obsolete step parameter route:most_critical_net_perc.
RUN-6014 WARNING: Importing design, skipped an obsolete step parameter route:tactics.
RUN-1001 : Import flow parameters
RUN-1003 : finish command "import_db uart_pr.db" in  3.162822s wall, 3.046875s user + 0.109375s system = 3.156250s CPU (99.8%)

RUN-1004 : used memory is 501 MB, reserved memory is 474 MB, peak memory is 501 MB
RUN-1002 : start command "download -bit uart.bit -mode jtag -spd 6 -sec 64 -cable 0"
PRG-2014 : Chip validation success: EAGLE_S20_BG256
RUN-1002 : start command "bit_to_vec -chip EAGLE_S20_BG256 -m jtag -bit uart.bit"
PRG-3000 : BIT2VEC::JtagBitstream: completed! line_num = 1322, frame_num = 1259
RUN-1003 : finish command "bit_to_vec -chip EAGLE_S20_BG256 -m jtag -bit uart.bit" in  1.404890s wall, 1.359375s user + 0.031250s system = 1.390625s CPU (99.0%)

RUN-1004 : used memory is 693 MB, reserved memory is 655 MB, peak memory is 693 MB
RUN-1002 : start command "program -cable 0 -spd 6 -p"
RUN-1003 : finish command "program -cable 0 -spd 6 -p" in  7.729493s wall, 0.750000s user + 0.765625s system = 1.515625s CPU (19.6%)

RUN-1004 : used memory is 720 MB, reserved memory is 684 MB, peak memory is 720 MB
RUN-1003 : finish command "download -bit uart.bit -mode jtag -spd 6 -sec 64 -cable 0" in  9.539981s wall, 2.265625s user + 0.859375s system = 3.125000s CPU (32.8%)

RUN-1004 : used memory is 577 MB, reserved memory is 536 MB, peak memory is 720 MB
GUI-1001 : Download success!
